WARNING:  You must pass the application as an import string to enable 'reload' or 'workers'.
[INFO] Starting Investment Rebalancing Backend...
[INFO] UTF-8 encoding forced
[INFO] Unicode issues should be resolved
Step 1: Loading configuration...
[OK] Configuration loaded successfully
Step 2: Creating ZerodhaAuth instance...
[OK] ZerodhaAuth instance created
Step 3: Validating existing Zerodha token...
[INFO] Validating existing access token...
[SUCCESS] Existing token is valid - Profile: Jaikee Rathi
[OK] Existing token is valid - Profile: Jaikee Rathi
Step 4: Creating portfolio service...
[OK] Portfolio service created
Step 5: Creating investment service...
[OK] Investment service created
Step 6: Setting up routers...
[OK] Investment router included at /api/investment/*
[INFO] Backend starting on http://127.0.0.1:8000
[INFO] API docs available at http://127.0.0.1:8000/docs
